<?xml version="1.0" encoding="UTF-8"?>
<testng-results ignored="0" total="1" passed="1" failed="0" skipped="0">
  <reporter-output>
  </reporter-output>
  <suite started-at="2026-02-14T23:28:38 IST" name="Default suite" finished-at="2026-02-14T23:28:50 IST" duration-ms="11570">
    <groups>
    </groups>
    <test started-at="2026-02-14T23:28:38 IST" name="Default test" finished-at="2026-02-14T23:28:50 IST" duration-ms="11570">
      <class name="seleniumcodes.Alertgitchecks">
        <test-method is-config="true" signature="setup()[pri:0, instance:seleniumcodes.Alertgitchecks@3c19aaa5]" started-at="2026-02-14T23:28:38 IST" name="setup" finished-at="2026-02-14T23:28:48 IST" duration-ms="10398" status="PASS">
          <reporter-output>
          </reporter-output>
        </test-method> <!-- setup -->
        <test-method signature="testAlerts()[pri:0, instance:seleniumcodes.Alertgitchecks@3c19aaa5]" started-at="2026-02-14T23:28:49 IST" name="testAlerts" finished-at="2026-02-14T23:28:49 IST" duration-ms="825" status="PASS">
          <reporter-output>
          </reporter-output>
        </test-method> <!-- testAlerts -->
        <test-method is-config="true" signature="tearDown()[pri:0, instance:seleniumcodes.Alertgitchecks@3c19aaa5]" started-at="2026-02-14T23:28:49 IST" name="tearDown" finished-at="2026-02-14T23:28:50 IST" duration-ms="275" status="PASS">
          <reporter-output>
          </reporter-output>
        </test-method> <!-- tearDown -->
      </class> <!-- seleniumcodes.Alertgitchecks -->
    </test> <!-- Default test -->
  </suite> <!-- Default suite -->
</testng-results>
